
   Program: 
  1   FnDecl: 
         (return type) Type: void
  1      Identifier: foo
         (body) StmtBlock: 
  3         VarDecl: 
               Type: int
  3            Identifier: i
  3            (initializer) IntConstant: 0
            IfStmt: 
  5            (test) EqualityExpr: 
  5               VarExpr: 
  5                  Identifier: i
  5               Operator: ==
  5               IntConstant: 1
               (then) StmtBlock: 
  6               AssignExpr: 
  6                  VarExpr: 
  6                     Identifier: i
  6                  Operator: =
  6                  IntConstant: 5
               (else) StmtBlock: 
  8               AssignExpr: 
  8                  VarExpr: 
  8                     Identifier: i
  8                  Operator: =
  8                  IntConstant: 6
