3.14         line 1 cols 1-4 is T_FloatConstant (value = 3.14)
3.14F        line 2 cols 1-5 is T_FloatConstant (value = 3.14)
3.14f        line 3 cols 1-5 is T_FloatConstant (value = 3.14)
314e1        line 6 cols 1-5 is T_FloatConstant (value = 3140)
314e1f       line 7 cols 1-6 is T_FloatConstant (value = 3140)
314e1F       line 8 cols 1-6 is T_FloatConstant (value = 3140)
314e-1       line 9 cols 1-6 is T_FloatConstant (value = 31.4)
314e-1f      line 10 cols 1-7 is T_FloatConstant (value = 31.4)
314e-1F      line 11 cols 1-7 is T_FloatConstant (value = 31.4)
314e+1       line 12 cols 1-6 is T_FloatConstant (value = 3140)
314e+1f      line 13 cols 1-7 is T_FloatConstant (value = 3140)
314e+1F      line 14 cols 1-7 is T_FloatConstant (value = 3140)
3.14e1       line 16 cols 1-6 is T_FloatConstant (value = 31.4)
3.14e1f      line 17 cols 1-7 is T_FloatConstant (value = 31.4)
3.14e1F      line 18 cols 1-7 is T_FloatConstant (value = 31.4)
3.14e-1      line 19 cols 1-7 is T_FloatConstant (value = 0.314)
3.14e-1f     line 20 cols 1-8 is T_FloatConstant (value = 0.314)
3.14e-1F     line 21 cols 1-8 is T_FloatConstant (value = 0.314)
3.14e+1      line 22 cols 1-7 is T_FloatConstant (value = 31.4)
3.14e+1f     line 23 cols 1-8 is T_FloatConstant (value = 31.4)
3.14e+1F     line 24 cols 1-8 is T_FloatConstant (value = 31.4)
314E1        line 30 cols 1-5 is T_FloatConstant (value = 3140)
314E1f       line 31 cols 1-6 is T_FloatConstant (value = 3140)
314E1F       line 32 cols 1-6 is T_FloatConstant (value = 3140)
314E-1       line 33 cols 1-6 is T_FloatConstant (value = 31.4)
314E-1f      line 34 cols 1-7 is T_FloatConstant (value = 31.4)
314E-1F      line 35 cols 1-7 is T_FloatConstant (value = 31.4)
314E+1       line 36 cols 1-6 is T_FloatConstant (value = 3140)
314E+1f      line 37 cols 1-7 is T_FloatConstant (value = 3140)
314E+1F      line 38 cols 1-7 is T_FloatConstant (value = 3140)
3.14E1       line 40 cols 1-6 is T_FloatConstant (value = 31.4)
3.14E1f      line 41 cols 1-7 is T_FloatConstant (value = 31.4)
3.14E1F      line 42 cols 1-7 is T_FloatConstant (value = 31.4)
3.14E-1      line 43 cols 1-7 is T_FloatConstant (value = 0.314)
3.14E-1f     line 44 cols 1-8 is T_FloatConstant (value = 0.314)
3.14E-1F     line 45 cols 1-8 is T_FloatConstant (value = 0.314)
3.14E+1      line 46 cols 1-7 is T_FloatConstant (value = 31.4)
3.14E+1f     line 47 cols 1-8 is T_FloatConstant (value = 31.4)
3.14E+1F     line 48 cols 1-8 is T_FloatConstant (value = 31.4)
