for          line 1 cols 1-3 is T_For 
while        line 1 cols 5-9 is T_While 
do           line 1 cols 11-12 is T_Do 
switch       line 1 cols 14-19 is T_Switch 
case         line 1 cols 21-24 is T_Case 
break        line 1 cols 26-30 is T_Break 
continue     line 1 cols 32-39 is T_Continue 
default      line 1 cols 41-47 is T_Default 
const        line 1 cols 49-53 is T_Const 
uniform      line 1 cols 55-61 is T_Uniform 
if           line 2 cols 1-2 is T_If 
else         line 2 cols 4-7 is T_Else 
in           line 2 cols 9-10 is T_In 
out          line 2 cols 12-14 is T_Out 
float        line 2 cols 16-20 is T_Float 
int          line 2 cols 22-24 is T_Int 
void         line 2 cols 26-29 is T_Void 
bool         line 2 cols 31-34 is T_Bool 
true         line 2 cols 36-39 is T_BoolConstant (value = true)
false        line 2 cols 41-45 is T_BoolConstant (value = false)
return       line 2 cols 47-52 is T_Return 
struct       line 2 cols 54-59 is T_Struct 
