0            line 1 cols 1-1 is T_IntConstant (value = 0)
10           line 2 cols 1-2 is T_IntConstant (value = 10)
9            line 3 cols 1-1 is T_IntConstant (value = 9)
-            line 4 cols 1-1 is T_Dash 
1            line 4 cols 2-2 is T_IntConstant (value = 1)
-            line 5 cols 1-1 is T_Dash 
0            line 5 cols 2-2 is T_IntConstant (value = 0)
-            line 6 cols 1-1 is T_Dash 
1234567890   line 6 cols 2-11 is T_IntConstant (value = 1234567890)
0u           line 9 cols 1-2 is T_UintConstant (value = 0)
10u          line 10 cols 1-3 is T_UintConstant (value = 10)
9u           line 11 cols 1-2 is T_UintConstant (value = 9)
-            line 12 cols 1-1 is T_Dash 
1u           line 12 cols 2-3 is T_UintConstant (value = 1)
-            line 13 cols 1-1 is T_Dash 
0u           line 13 cols 2-3 is T_UintConstant (value = 0)
-            line 14 cols 1-1 is T_Dash 
1234567890u  line 14 cols 2-12 is T_UintConstant (value = 1234567890)
0U           line 16 cols 1-2 is T_UintConstant (value = 0)
10U          line 17 cols 1-3 is T_UintConstant (value = 10)
9U           line 18 cols 1-2 is T_UintConstant (value = 9)
-            line 19 cols 1-1 is T_Dash 
1U           line 19 cols 2-3 is T_UintConstant (value = 1)
-            line 20 cols 1-1 is T_Dash 
0U           line 20 cols 2-3 is T_UintConstant (value = 0)
-            line 21 cols 1-1 is T_Dash 
1234567890U  line 21 cols 2-12 is T_UintConstant (value = 1234567890)
true         line 23 cols 1-4 is T_BoolConstant (value = true)
false        line 24 cols 1-5 is T_BoolConstant (value = false)
True         line 25 cols 1-4 is T_Identifier 
False        line 26 cols 1-5 is T_Identifier 
TRUE         line 27 cols 1-4 is T_Identifier 
FALSE        line 28 cols 1-5 is T_Identifier 
