=            line 1 cols 1-1 is T_Equal 
==           line 1 cols 3-4 is T_EQ 
<=           line 1 cols 6-7 is T_LessEqual 
>=           line 1 cols 9-10 is T_GreaterEqual 
<            line 1 cols 12-12 is T_LeftAngle 
>            line 1 cols 14-14 is T_RightAngle 
(            line 1 cols 16-16 is T_LeftParen 
)            line 1 cols 17-17 is T_RightParen 
{            line 1 cols 19-19 is T_LeftBrace 
}            line 1 cols 20-20 is T_RightBrace 
[            line 1 cols 22-22 is T_LeftBracket 
]            line 1 cols 23-23 is T_RightBracket 
+            line 1 cols 25-25 is T_Plus 
-            line 1 cols 26-26 is T_Dash 
*            line 1 cols 29-29 is T_Star 
/            line 1 cols 30-30 is T_Slash 
!=           line 1 cols 32-33 is T_NE 
&&           line 1 cols 35-36 is T_And 
||           line 1 cols 38-39 is T_Or 
*=           line 2 cols 1-2 is T_MulAssign 
/=           line 2 cols 4-5 is T_DivAssign 
+=           line 2 cols 7-8 is T_AddAssign 
-=           line 2 cols 10-11 is T_SubAssign 
?            line 2 cols 13-13 is T_Question 
:            line 2 cols 15-15 is T_Colon 
++           line 2 cols 17-18 is T_Inc 
--           line 2 cols 20-21 is T_Dec 
