t            line 1 cols 9-9 is T_Identifier 
st           line 2 cols 9-10 is T_Identifier 
sst          line 3 cols 9-11 is T_Identifier 
ssst         line 4 cols 9-12 is T_Identifier 
sssst        line 5 cols 9-13 is T_Identifier 
ssssst       line 6 cols 9-14 is T_Identifier 
sssssst      line 7 cols 9-15 is T_Identifier 
ssssssst     line 8 cols 9-16 is T_Identifier 
sssssssst    line 9 cols 17-25 is T_Identifier 
t            line 10 cols 11-11 is T_Identifier 
st           line 11 cols 11-12 is T_Identifier 
sst          line 12 cols 11-13 is T_Identifier 
ssst         line 13 cols 11-14 is T_Identifier 
sssst        line 14 cols 11-15 is T_Identifier 
ssssst       line 15 cols 11-16 is T_Identifier 
sssssst      line 16 cols 19-25 is T_Identifier 
ssssssst     line 17 cols 19-26 is T_Identifier 
sssssssst    line 18 cols 19-27 is T_Identifier 
t            line 20 cols 17-17 is T_Identifier 
st           line 21 cols 17-18 is T_Identifier 
sst          line 22 cols 17-19 is T_Identifier 
ssst         line 23 cols 17-20 is T_Identifier 
sssst        line 24 cols 17-21 is T_Identifier 
ssssst       line 25 cols 17-22 is T_Identifier 
sssssst      line 26 cols 25-31 is T_Identifier 
ssssssst     line 27 cols 25-32 is T_Identifier 
sssssssst    line 28 cols 25-33 is T_Identifier 
